<?xml version="1.0" encoding="UTF-8"?>
<!-- Generated by org.testng.reporters.JUnitXMLReporter -->
<testsuite hostname="DESKTOP-F6N51LF" ignored="0" name="TestMethods" tests="3" failures="1" timestamp="27 May 2018 06:00:33 GMT" time="16.262" errors="0">
  <testcase name="createLead" time="0.009" classname="leaf.Lead.CreateLead">
    <failure type="java.lang.Error" message="Unresolved compilation problems: 
	Syntax error, insert &amp;quot;VariableDeclarators&amp;quot; to complete LocalVariableDeclaration
	Syntax error, insert &amp;quot;;&amp;quot; to complete BlockStatements
	jguhh cannot be resolved
">
      <![CDATA[java.lang.Error: Unresolved compilation problems: 
Syntax error, insert "VariableDeclarators" to complete LocalVariableDeclaration
Syntax error, insert ";" to complete BlockStatements
jguhh cannot be resolved

at leaf.Lead.CreateLead.createLead(CreateLead.java:12)
... Removed 25 stack frames]]>
    </failure>
  </testcase> <!-- createLead -->
  <testcase name="editLead" time="0.0" classname="leaf.Lead.EditLead">
    <skipped/>
  </testcase> <!-- editLead -->
  <testcase name="mergeLead" time="0.0" classname="leaf.Lead.MergeLead">
    <skipped/>
  </testcase> <!-- mergeLead -->
</testsuite> <!-- TestMethods -->
